<?xml version="1.0" encoding="UTF-8"?>
<!-- Generated by org.testng.reporters.JUnitReportReporter -->
<testsuite skipped="0" hostname="AT-ESLap12" name="testcases.SecondTest" tests="1" failures="0" timestamp="20 Dec 2020 13:31:14 GMT" time="0.002" errors="0">
  <testcase name="secondTest" time="0.002" classname="testcases.SecondTest"/>
</testsuite> <!-- testcases.SecondTest -->
