<?xml version="1.0" encoding="UTF-8"?>
<!-- Generated by org.testng.reporters.JUnitReportReporter -->
<testsuite skipped="0" hostname="AT-ESLap12" name="testcases.ThirdTest" tests="1" failures="0" timestamp="20 Dec 2020 14:37:27 GMT" time="0.001" errors="0">
  <testcase name="thirdTest" time="0.001" classname="testcases.ThirdTest"/>
</testsuite> <!-- testcases.ThirdTest -->
