<?xml version="1.0" encoding="UTF-8"?>
<!-- Generated by org.testng.reporters.JUnitReportReporter -->
<testsuite skipped="0" hostname="AT-ESLap12" name="testcases.FirstTest" tests="1" failures="0" timestamp="20 Dec 2020 14:37:27 GMT" time="0.009" errors="0">
  <testcase name="firstTest" time="0.009" classname="testcases.FirstTest"/>
</testsuite> <!-- testcases.FirstTest -->
